# JRE version: OpenJDK Runtime Environment (11.0.2+9) (build 11.0.2+9-Ubuntu-3ubuntu118.04.3)
# Java VM: OpenJDK 64-Bit Server VM (11.0.2+9-Ubuntu-3ubuntu118.04.3, mixed mode, sharing, tiered, compressed oops, g1 gc, linux-amd64)
Heap:
 garbage-first heap   total 246784K, used 101190K [0x00000000c3c00000, 0x0000000100000000)
  region size 1024K, 41 young (41984K), 2 survivors (2048K)
 Metaspace       used 12252K, capacity 12783K, committed 13184K, reserved 1060864K
  class space    used 1297K, capacity 1567K, committed 1664K, reserved 1048576K
GC Heap History (10 events):
Event: 1,551 GC heap before
{Heap before GC invocations=9 (full 0):
 garbage-first heap   total 129024K, used 73336K [0x00000000c3c00000, 0x0000000100000000)
  region size 1024K, 38 young (38912K), 4 survivors (4096K)
 Metaspace       used 4611K, capacity 5171K, committed 5504K, reserved 1056768K
  class space    used 443K, capacity 514K, committed 640K, reserved 1048576K
}
Event: 1,560 GC heap after
{Heap after GC invocations=10 (full 0):
 garbage-first heap   total 129024K, used 45688K [0x00000000c3c00000, 0x0000000100000000)
  region size 1024K, 5 young (5120K), 5 survivors (5120K)
 Metaspace       used 4611K, capacity 5171K, committed 5504K, reserved 1056768K
  class space    used 443K, capacity 514K, committed 640K, reserved 1048576K
}
Event: 1,629 GC heap before
{Heap before GC invocations=10 (full 0):
 garbage-first heap   total 129024K, used 82552K [0x00000000c3c00000, 0x0000000100000000)
  region size 1024K, 41 young (41984K), 5 survivors (5120K)
 Metaspace       used 4611K, capacity 5171K, committed 5504K, reserved 1056768K
  class space    used 443K, capacity 514K, committed 640K, reserved 1048576K
}
Event: 1,639 GC heap after
{Heap after GC invocations=11 (full 0):
 garbage-first heap   total 129024K, used 53614K [0x00000000c3c00000, 0x0000000100000000)
  region size 1024K, 6 young (6144K), 6 survivors (6144K)
 Metaspace       used 4611K, capacity 5171K, committed 5504K, reserved 1056768K
  class space    used 443K, capacity 514K, committed 640K, reserved 1048576K
}
Event: 2,445 GC heap before
{Heap before GC invocations=11 (full 0):
 garbage-first heap   total 129024K, used 75118K [0x00000000c3c00000, 0x0000000100000000)
  region size 1024K, 22 young (22528K), 6 survivors (6144K)
 Metaspace       used 11243K, capacity 11817K, committed 12032K, reserved 1060864K
  class space    used 1221K, capacity 1501K, committed 1536K, reserved 1048576K
}
Event: 2,458 GC heap after
{Heap after GC invocations=12 (full 0):
 garbage-first heap   total 129024K, used 62388K [0x00000000c3c00000, 0x0000000100000000)
  region size 1024K, 2 young (2048K), 2 survivors (2048K)
 Metaspace       used 11243K, capacity 11817K, committed 12032K, reserved 1060864K
  class space    used 1221K, capacity 1501K, committed 1536K, reserved 1048576K
}
Event: 3,087 GC heap before
{Heap before GC invocations=13 (full 0):
 garbage-first heap   total 129024K, used 101300K [0x00000000c3c00000, 0x0000000100000000)
  region size 1024K, 28 young (28672K), 2 survivors (2048K)
 Metaspace       used 12015K, capacity 12591K, committed 12928K, reserved 1060864K
  class space    used 1293K, capacity 1567K, committed 1664K, reserved 1048576K
}
Event: 3,096 GC heap after
{Heap after GC invocations=14 (full 0):
 garbage-first heap   total 246784K, used 74616K [0x00000000c3c00000, 0x0000000100000000)
  region size 1024K, 2 young (2048K), 2 survivors (2048K)
 Metaspace       used 12015K, capacity 12591K, committed 12928K, reserved 1060864K
  class space    used 1293K, capacity 1567K, committed 1664K, reserved 1048576K
}
Event: 3,746 GC heap before
{Heap before GC invocations=14 (full 0):
 garbage-first heap   total 246784K, used 134008K [0x00000000c3c00000, 0x0000000100000000)
  region size 1024K, 60 young (61440K), 2 survivors (2048K)
 Metaspace       used 12110K, capacity 12655K, committed 12928K, reserved 1060864K
  class space    used 1293K, capacity 1567K, committed 1664K, reserved 1048576K
}
Event: 3,752 GC heap after
{Heap after GC invocations=15 (full 0):
 garbage-first heap   total 246784K, used 62278K [0x00000000c3c00000, 0x0000000100000000)
  region size 1024K, 2 young (2048K), 2 survivors (2048K)
 Metaspace       used 12110K, capacity 12655K, committed 12928K, reserved 1060864K
  class space    used 1293K, capacity 1567K, committed 1664K, reserved 1048576K
}

